  lecture2.cpp
  lecture3.cpp
  lecture4.cpp
  lecture5.cpp
C:\Users\USER\Desktop\DataStructure24-09\DataStructure\DataStructure\RandomNumber.h(12,12): warning C4244: '인수': 'time_t'에서 'unsigned int'(으)로 변환하면서 데이터가 손실될 수 있습니다.
C:\Users\USER\Desktop\DataStructure24-09\DataStructure\DataStructure\MyVector.h(18,15): warning C4244: '초기화 중': 'T'에서 'size_t'(으)로 변환하면서 데이터가 손실될 수 있습니다.
C:\Users\USER\Desktop\DataStructure24-09\DataStructure\DataStructure\MyVector.h(18,15): warning C4244:         with
C:\Users\USER\Desktop\DataStructure24-09\DataStructure\DataStructure\MyVector.h(18,15): warning C4244:         [
C:\Users\USER\Desktop\DataStructure24-09\DataStructure\DataStructure\MyVector.h(18,15): warning C4244:             T=float
C:\Users\USER\Desktop\DataStructure24-09\DataStructure\DataStructure\MyVector.h(18,15): warning C4244:         ]
C:\Users\USER\Desktop\DataStructure24-09\DataStructure\DataStructure\MyVector.h(20,14): warning C4244: '=': 'T'에서 'int'(으)로 변환하면서 데이터가 손실될 수 있습니다.
C:\Users\USER\Desktop\DataStructure24-09\DataStructure\DataStructure\MyVector.h(20,14): warning C4244:         with
C:\Users\USER\Desktop\DataStructure24-09\DataStructure\DataStructure\MyVector.h(20,14): warning C4244:         [
C:\Users\USER\Desktop\DataStructure24-09\DataStructure\DataStructure\MyVector.h(20,14): warning C4244:             T=float
C:\Users\USER\Desktop\DataStructure24-09\DataStructure\DataStructure\MyVector.h(20,14): warning C4244:         ]
  lecture6.cpp
  Main.cpp
  코드를 생성하고 있습니다...
C:\Users\USER\Desktop\DataStructure24-09\DataStructure\DataStructure\lecture6.cpp(120,1): warning C4715: 'priority': 모든 제어 경로에서 값을 반환하지는 않습니다.
  DataStructure.vcxproj -> C:\Users\USER\Desktop\DataStructure24-09\DataStructure\x64\Debug\DataStructure.exe
